<?xml version="1.0" encoding="UTF-8"?>
<!-- Generated by org.testng.reporters.JUnitReportReporter -->
<testsuite skipped="0" hostname="ML5084HV2F" name="tests.AppTest" tests="2" failures="0" timestamp="01 Sep 2019 04:27:59 GMT" time="13.229" errors="0">
  <testcase name="validateCheckbox" time="3.229" classname="tests.AppTest"/>
  <testcase name="validateList" time="10.000" classname="tests.AppTest"/>
</testsuite> <!-- tests.AppTest -->
